Arguments: 
  C:\Program Files\nodejs\node.exe C:\Users\Krzyś\AppData\Roaming\npm\node_modules\yarn\bin\yarn.js

PATH: 
  C:\Python310\Scripts\;C:\Python310\;C:\Program Files (x86)\Common Files\Oracle\Java\javapath;C:\Windows\system32;C:\Windows;C:\Windows\System32\Wbem;C:\Windows\System32\WindowsPowerShell\v1.0\;C:\WINDOWS\system32;C:\WINDOWS;C:\WINDOWS\System32\Wbem;C:\WINDOWS\System32\WindowsPowerShell\v1.0\;C:\WINDOWS\System32\OpenSSH\;C:\Program Files\NVIDIA Corporation\NVIDIA NvDLISR;C:\Program Files\Intel\WiFi\bin\;C:\Program Files\Common Files\Intel\WirelessCommon\;C:\Program Files (x86)\NVIDIA Corporation\PhysX\Common;C:\WINDOWS\system32;C:\WINDOWS;C:\WINDOWS\System32\Wbem;C:\WINDOWS\System32\WindowsPowerShell\v1.0\;C:\WINDOWS\System32\OpenSSH\;C:\Program Files\Git\cmd;D:\xampp\php;C:\ProgramData\ComposerSetup\bin;C:\ProgramData\chocolatey\bin;C:\Program Files\nodejs\;C:\Program Files\dotnet\;C:\Program Files\Microsoft SQL Server\130\Tools\Binn\;C:\Program Files\Microsoft SQL Server\150\Tools\Binn\;C:\Program Files\Microsoft SQL Server\Client SDK\ODBC\170\Tools\Binn\;C:\Python\Scripts\;C:\Python\;C:\Users\Krzyś\AppData\Local\Microsoft\WindowsApps;C:\Program Files\Intel\WiFi\bin\;C:\Program Files\Common Files\Intel\WirelessCommon\;C:\Users\Krzyś\AppData\Local\Programs\Microsoft VS Code\bin;C:\Users\Krzyś\AppData\Roaming\Composer\vendor\bin;C:\ProgramData\ComposerSetup\bin\composer.bat;;C:\PyCharm Community Edition 2021.2.1\bin;;C:\Users\Krzyś\AppData\Roaming\npm;C:\Users\Krzyś\.dotnet\tools

Yarn version: 
  1.22.17

Node version: 
  16.13.0

Platform: 
  win32 x64

Trace: 
  Error: EPERM: operation not permitted, unlink 'D:\dupa\SCIOPEN\FRONTEND\node_modules\xdl\binaries\windows\adb\adb.exe'

npm manifest: 
  {
    "scripts": {
      "start": "expo start",
      "android": "expo run:android",
      "ios": "expo run:ios",
      "web": "expo start --web",
      "eject": "expo eject"
    },
    "dependencies": {
      "@babel/preset-env": "^7.1.6",
      "axios": "^0.24.0",
      "expo": "^43.0.4",
      "expo-cli": "^5.0.1",
      "expo-status-bar": "~1.1.0",
      "feather-icons-react": "^0.5.0",
      "mongose": "^0.0.2-security",
      "morgan": "^1.10.0",
      "react": "17.0.1",
      "react-dom": "17.0.1",
      "react-native": "0.64.3",
      "react-native-animatable": "^1.3.3",
      "react-native-feather": "^1.1.2",
      "react-native-gesture-handler": "^1.10.3",
      "react-native-linear-gradient": "^2.5.6",
      "react-native-screens": "~3.8.0",
      "react-native-svg": "^12.1.1",
      "react-native-vector-icons": "^9.0.0",
      "react-native-web": "0.17.1",
      "react-redux": "^7.2.6",
      "react-router-native": "^6.1.1",
      "redux": "^4.1.2",
      "redux-thunk": "^2.4.0",
      "expo-splash-screen": "~0.13.5",
      "expo-updates": "~0.10.13",
      "react-native-reanimated": "~2.2.0",
      "react-native-safe-area-context": "3.3.2"
    },
    "devDependencies": {
      "@babel/core": "^7.12.9"
    },
    "private": true,
    "name": "FRONTEND",
    "version": "1.0.0"
  }

yarn manifest: 
  No manifest

Lockfile: 
  No lockfile
